<?xml version="1.0" encoding="UTF-8"?>
<!-- Generated by org.testng.reporters.JUnitReportReporter -->
<testsuite hostname="LAPTOP-CF3E3LQS" name="consents_online_tests.LaunchBroser" tests="1" failures="0" timestamp="6 Nov 2019 02:36:47 GMT" time="153.922" errors="0">
  <testcase name="Launch_Browser" time="153.922" classname="consents_online_tests.LaunchBroser"/>
</testsuite> <!-- consents_online_tests.LaunchBroser -->
