<?xml version="1.0" encoding="UTF-8"?>
<!-- Generated by org.testng.reporters.JUnitReportReporter -->
<testsuite hostname="LAPTOP-CF3E3LQS" name="nz.govt.mdc.ConsentsOnline.LaunchBrowserTest" tests="1" failures="0" timestamp="25 Nov 2019 20:58:15 GMT" time="37.594" errors="0">
  <testcase name="Launch_Browser" time="37.594" classname="nz.govt.mdc.ConsentsOnline.LaunchBrowserTest"/>
</testsuite> <!-- nz.govt.mdc.ConsentsOnline.LaunchBrowserTest -->
