<?xml version="1.0" encoding="UTF-8"?>
<!-- Generated by org.testng.reporters.JUnitReportReporter -->
<testsuite hostname="LAPTOP-CF3E3LQS" name="consents_online_tests.LaunchBrowser" tests="1" failures="0" timestamp="13 Nov 2019 23:17:37 GMT" time="13.402" errors="0">
  <testcase name="Login" time="13.402" classname="consents_online_tests.LaunchBrowser"/>
</testsuite> <!-- consents_online_tests.LaunchBrowser -->
