<?xml version="1.0" encoding="UTF-8"?>
<!-- Generated by org.testng.reporters.JUnitReportReporter -->
<testsuite hostname="LAPTOP-CF3E3LQS" name="nz.govt.mdc.ConsentsOnline.LoginTest" tests="6" failures="0" timestamp="26 Nov 2019 10:54:04 GMT" time="159.291" errors="0">
  <testcase name="ConsentsOnline_Login" time="22.267" classname="nz.govt.mdc.ConsentsOnline.LoginTest"/>
  <testcase name="ConsentsOnline_Login" time="23.955" classname="nz.govt.mdc.ConsentsOnline.LoginTest"/>
  <testcase name="ConsentsOnline_Login" time="26.949" classname="nz.govt.mdc.ConsentsOnline.LoginTest"/>
  <testcase name="ConsentsOnline_Login" time="19.505" classname="nz.govt.mdc.ConsentsOnline.LoginTest"/>
  <testcase name="ConsentsOnline_Login" time="42.455" classname="nz.govt.mdc.ConsentsOnline.LoginTest"/>
  <testcase name="ConsentsOnline_Login" time="24.160" classname="nz.govt.mdc.ConsentsOnline.LoginTest"/>
</testsuite> <!-- nz.govt.mdc.ConsentsOnline.LoginTest -->
