<?xml version="1.0" encoding="UTF-8"?>
<!-- Generated by org.testng.reporters.JUnitReportReporter -->
<testsuite hostname="LAPTOP-CF3E3LQS" name="nz.govt.mdc.ConsentsOnline.LoginTest" tests="6" failures="0" timestamp="30 Nov 2019 21:54:20 GMT" time="169.741" errors="0">
  <testcase name="ConsentsOnline_Login" time="27.551" classname="nz.govt.mdc.ConsentsOnline.LoginTest"/>
  <testcase name="ConsentsOnline_Login" time="36.222" classname="nz.govt.mdc.ConsentsOnline.LoginTest"/>
  <testcase name="ConsentsOnline_Login" time="18.276" classname="nz.govt.mdc.ConsentsOnline.LoginTest"/>
  <testcase name="ConsentsOnline_Login" time="41.981" classname="nz.govt.mdc.ConsentsOnline.LoginTest"/>
  <testcase name="ConsentsOnline_Login" time="21.366" classname="nz.govt.mdc.ConsentsOnline.LoginTest"/>
  <testcase name="ConsentsOnline_Login" time="24.345" classname="nz.govt.mdc.ConsentsOnline.LoginTest"/>
</testsuite> <!-- nz.govt.mdc.ConsentsOnline.LoginTest -->
